TN:
SF:src/app.js
FN:18,(anonymous_0)
FN:37,(anonymous_1)
FN:42,(anonymous_2)
FNF:3
FNH:2
FNDA:0,(anonymous_0)
FNDA:1,(anonymous_1)
FNDA:2,(anonymous_2)
DA:2,3
DA:3,3
DA:4,3
DA:5,3
DA:6,3
DA:7,3
DA:8,3
DA:9,3
DA:12,3
DA:13,0
DA:14,0
DA:18,3
DA:19,0
DA:21,0
DA:22,0
DA:27,3
DA:29,3
DA:32,3
DA:33,3
DA:34,3
DA:37,3
DA:38,1
DA:42,3
DA:43,2
DA:46,3
LF:25
LH:20
BRDA:12,0,0,0
BRDA:12,0,1,3
BRDA:21,1,0,0
BRDA:21,1,1,0
BRF:4
BRH:1
end_of_record
TN:
SF:src/config/db.js
FN:4,(anonymous_0)
FNF:1
FNH:1
FNDA:3,(anonymous_0)
DA:1,3
DA:4,3
DA:5,3
DA:6,0
DA:9,3
DA:10,3
DA:11,3
DA:13,0
DA:14,0
DA:18,3
LF:10
LH:7
BRDA:5,0,0,0
BRDA:5,0,1,3
BRF:2
BRH:1
end_of_record
TN:
SF:src/controllers/authController.js
FN:6,(anonymous_0)
FN:26,(anonymous_1)
FNF:2
FNH:2
FNDA:3,(anonymous_0)
FNDA:5,(anonymous_1)
DA:1,3
DA:2,3
DA:3,3
DA:6,3
DA:7,3
DA:9,3
DA:10,3
DA:12,3
DA:13,3
DA:15,2
DA:21,2
DA:26,3
DA:27,5
DA:28,5
DA:30,5
DA:31,5
DA:32,1
DA:34,4
DA:36,4
DA:41,4
DA:48,4
DA:50,0
LF:22
LH:21
BRDA:10,0,0,0
BRDA:10,0,1,3
BRDA:13,1,0,1
BRDA:13,1,1,2
BRDA:31,2,0,1
BRDA:31,2,1,4
BRF:6
BRH:5
end_of_record
TN:
SF:src/controllers/projectController.js
FN:6,(anonymous_0)
FN:16,(anonymous_1)
FN:30,(anonymous_2)
FN:44,(anonymous_3)
FN:65,(anonymous_4)
FNF:5
FNH:5
FNDA:2,(anonymous_0)
FNDA:3,(anonymous_1)
FNDA:2,(anonymous_2)
FNDA:2,(anonymous_3)
FNDA:2,(anonymous_4)
DA:3,3
DA:6,3
DA:7,2
DA:8,2
DA:9,2
DA:11,0
DA:16,3
DA:17,3
DA:18,3
DA:19,3
DA:20,2
DA:22,1
DA:23,1
DA:25,0
DA:30,3
DA:31,2
DA:32,2
DA:33,1
DA:34,0
DA:36,1
DA:37,1
DA:39,0
DA:44,3
DA:45,2
DA:46,2
DA:51,2
DA:52,1
DA:54,0
DA:55,0
DA:57,0
DA:58,0
DA:60,0
DA:65,3
DA:66,2
DA:67,2
DA:68,2
DA:69,1
DA:71,0
DA:72,0
DA:74,0
LF:40
LH:28
BRDA:22,0,0,1
BRDA:22,0,1,0
BRDA:33,1,0,1
BRDA:33,1,1,0
BRDA:36,2,0,1
BRDA:36,2,1,0
BRDA:51,3,0,1
BRDA:51,3,1,1
BRDA:54,4,0,0
BRDA:54,4,1,0
BRDA:57,5,0,0
BRDA:57,5,1,0
BRDA:68,6,0,1
BRDA:68,6,1,1
BRDA:71,7,0,0
BRDA:71,7,1,0
BRF:16
BRH:7
end_of_record
TN:
SF:src/controllers/skillController.js
FN:4,(anonymous_0)
FN:14,(anonymous_1)
FN:28,(anonymous_2)
FN:42,(anonymous_3)
FN:63,(anonymous_4)
FNF:5
FNH:5
FNDA:1,(anonymous_0)
FNDA:3,(anonymous_1)
FNDA:1,(anonymous_2)
FNDA:2,(anonymous_3)
FNDA:2,(anonymous_4)
DA:1,3
DA:4,3
DA:5,1
DA:6,1
DA:7,1
DA:9,0
DA:14,3
DA:15,3
DA:16,3
DA:17,3
DA:18,1
DA:20,2
DA:21,2
DA:23,0
DA:28,3
DA:29,1
DA:30,1
DA:31,1
DA:32,0
DA:34,0
DA:35,0
DA:37,0
DA:42,3
DA:43,2
DA:44,2
DA:49,2
DA:50,1
DA:52,0
DA:53,0
DA:55,0
DA:56,0
DA:58,0
DA:63,3
DA:64,2
DA:65,2
DA:66,2
DA:67,1
DA:69,0
DA:70,0
DA:72,0
LF:40
LH:26
BRDA:20,0,0,2
BRDA:20,0,1,0
BRDA:31,1,0,1
BRDA:31,1,1,0
BRDA:34,2,0,0
BRDA:34,2,1,0
BRDA:49,3,0,1
BRDA:49,3,1,1
BRDA:52,4,0,0
BRDA:52,4,1,0
BRDA:55,5,0,0
BRDA:55,5,1,0
BRDA:66,6,0,1
BRDA:66,6,1,1
BRDA:69,7,0,0
BRDA:69,7,1,0
BRF:16
BRH:6
end_of_record
TN:
SF:src/middlewares/adminAuth.js
FN:2,(anonymous_0)
FNF:1
FNH:1
FNDA:2,(anonymous_0)
DA:2,3
DA:3,2
DA:4,1
DA:6,1
LF:4
LH:4
BRDA:3,0,0,1
BRDA:3,0,1,1
BRF:2
BRH:2
end_of_record
TN:
SF:src/middlewares/auth.js
FN:3,(anonymous_0)
FNF:1
FNH:1
FNDA:26,(anonymous_0)
DA:1,3
DA:3,3
DA:4,26
DA:6,26
DA:7,2
DA:9,24
DA:11,24
DA:12,24
DA:13,22
DA:14,22
DA:16,2
LF:11
LH:11
BRDA:6,0,0,2
BRDA:6,0,1,24
BRDA:6,1,0,26
BRDA:6,1,1,24
BRF:4
BRH:4
end_of_record
TN:
SF:src/middlewares/logger.js
FN:2,(anonymous_0)
FNF:1
FNH:1
FNDA:38,(anonymous_0)
DA:2,3
DA:3,38
DA:4,38
LF:3
LH:3
BRF:0
BRH:0
end_of_record
TN:
SF:src/models/Project.js
FN:8,(anonymous_0)
FN:18,(anonymous_1)
FN:28,(anonymous_2)
FN:37,(anonymous_3)
FN:46,(anonymous_4)
FNF:5
FNH:5
FNDA:7,(anonymous_0)
FNDA:5,(anonymous_1)
FNDA:9,(anonymous_2)
FNDA:4,(anonymous_3)
FNDA:4,(anonymous_4)
DA:1,3
DA:3,3
DA:9,7
DA:19,5
DA:29,9
DA:38,4
DA:47,4
DA:54,3
LF:8
LH:8
BRDA:38,0,0,4
BRDA:38,0,1,4
BRDA:47,1,0,4
BRDA:47,1,1,4
BRF:4
BRH:4
end_of_record
TN:
SF:src/models/Skill.js
FNF:0
FNH:0
DA:1,3
DA:3,3
DA:10,3
LF:3
LH:3
BRDA:10,0,0,3
BRDA:10,0,1,3
BRF:2
BRH:2
end_of_record
TN:
SF:src/models/User.js
FNF:0
FNH:0
DA:1,3
DA:3,3
DA:9,3
LF:3
LH:3
BRF:0
BRH:0
end_of_record
TN:
SF:src/routes/authRoutes.js
FNF:0
FNH:0
DA:1,3
DA:2,3
DA:3,3
DA:5,3
DA:7,3
DA:9,3
LF:6
LH:6
BRF:0
BRH:0
end_of_record
TN:
SF:src/routes/index.js
FN:19,(anonymous_0)
FN:24,(anonymous_1)
FN:36,(anonymous_2)
FN:45,(anonymous_3)
FNF:4
FNH:1
FNDA:0,(anonymous_0)
FNDA:0,(anonymous_1)
FNDA:1,(anonymous_2)
FNDA:0,(anonymous_3)
DA:1,3
DA:2,3
DA:3,3
DA:4,3
DA:5,3
DA:6,3
DA:7,3
DA:8,3
DA:9,3
DA:12,3
DA:16,3
DA:19,3
DA:20,0
DA:24,3
DA:25,0
DA:29,3
DA:32,3
DA:33,3
DA:36,3
DA:37,1
DA:38,1
DA:39,1
DA:41,0
DA:45,3
DA:46,0
DA:47,0
DA:48,0
DA:50,0
DA:54,3
LF:29
LH:22
BRDA:16,0,0,3
BRDA:16,0,1,0
BRF:2
BRH:1
end_of_record
TN:
SF:src/routes/projectRoutes.js
FN:17,(anonymous_0)
FNF:1
FNH:0
FNDA:0,(anonymous_0)
DA:1,3
DA:2,3
DA:3,3
DA:4,3
DA:5,3
DA:8,3
DA:9,3
DA:12,3
DA:13,3
DA:14,3
DA:17,3
DA:18,0
DA:21,3
LF:13
LH:12
BRF:0
BRH:0
end_of_record
TN:
SF:src/routes/skillRoutes.js
FNF:0
FNH:0
DA:1,3
DA:2,3
DA:3,3
DA:6,3
DA:9,3
DA:12,3
DA:15,3
DA:18,3
DA:20,3
LF:9
LH:9
BRF:0
BRH:0
end_of_record
