TN:
SF:src/app.js
FN:18,(anonymous_0)
FN:37,(anonymous_1)
FN:43,(anonymous_2)
FN:48,(anonymous_3)
FNF:4
FNH:2
FNDA:0,(anonymous_0)
FNDA:0,(anonymous_1)
FNDA:2,(anonymous_2)
FNDA:4,(anonymous_3)
DA:2,5
DA:3,5
DA:4,5
DA:5,5
DA:6,5
DA:7,5
DA:8,5
DA:9,5
DA:12,5
DA:13,0
DA:14,0
DA:18,5
DA:19,0
DA:21,0
DA:22,0
DA:27,5
DA:29,5
DA:32,5
DA:33,5
DA:34,5
DA:37,5
DA:38,0
DA:39,0
DA:43,5
DA:44,2
DA:48,5
DA:49,4
DA:52,5
LF:28
LH:21
BRDA:12,0,0,0
BRDA:12,0,1,5
BRDA:21,1,0,0
BRDA:21,1,1,0
BRF:4
BRH:1
end_of_record
TN:
SF:src/config/db.js
FN:4,(anonymous_0)
FNF:1
FNH:1
FNDA:8,(anonymous_0)
DA:1,6
DA:4,6
DA:5,8
DA:6,8
DA:7,1
DA:10,7
DA:11,7
DA:13,1
DA:14,1
DA:18,6
LF:10
LH:10
BRDA:6,0,0,1
BRDA:6,0,1,7
BRF:2
BRH:2
end_of_record
TN:
SF:src/controllers/authController.js
FN:6,(anonymous_0)
FN:29,(anonymous_1)
FNF:2
FNH:2
FNDA:3,(anonymous_0)
FNDA:3,(anonymous_1)
DA:1,5
DA:2,5
DA:3,5
DA:6,5
DA:7,3
DA:8,3
DA:10,3
DA:11,3
DA:13,3
DA:14,3
DA:16,2
DA:22,2
DA:24,0
DA:29,5
DA:30,3
DA:31,3
DA:33,3
DA:34,3
DA:35,0
DA:37,3
DA:39,3
DA:45,3
DA:51,3
DA:53,0
LF:24
LH:21
BRDA:11,0,0,0
BRDA:11,0,1,3
BRDA:14,1,0,1
BRDA:14,1,1,2
BRDA:34,2,0,0
BRDA:34,2,1,3
BRF:6
BRH:4
end_of_record
TN:
SF:src/controllers/projectController.js
FN:6,(anonymous_0)
FN:16,(anonymous_1)
FN:30,(anonymous_2)
FN:44,(anonymous_3)
FN:86,(anonymous_4)
FNF:5
FNH:5
FNDA:4,(anonymous_0)
FNDA:5,(anonymous_1)
FNDA:4,(anonymous_2)
FNDA:7,(anonymous_3)
FNDA:5,(anonymous_4)
DA:3,6
DA:6,6
DA:7,4
DA:8,4
DA:9,3
DA:11,1
DA:16,6
DA:17,5
DA:18,5
DA:19,5
DA:20,1
DA:22,4
DA:23,3
DA:25,1
DA:30,6
DA:31,4
DA:32,4
DA:33,2
DA:34,0
DA:36,2
DA:37,2
DA:39,0
DA:44,6
DA:45,7
DA:46,7
DA:47,7
DA:50,7
DA:51,2
DA:53,5
DA:54,0
DA:56,5
DA:57,0
DA:59,5
DA:60,0
DA:62,5
DA:63,0
DA:66,5
DA:72,3
DA:73,2
DA:76,1
DA:78,2
DA:79,1
DA:81,1
DA:86,6
DA:87,5
DA:88,5
DA:89,3
DA:90,1
DA:92,2
DA:93,1
DA:95,1
LF:51
LH:45
BRDA:22,0,0,3
BRDA:22,0,1,1
BRDA:33,1,0,2
BRDA:33,1,1,0
BRDA:36,2,0,2
BRDA:36,2,1,0
BRDA:50,3,0,2
BRDA:50,3,1,5
BRDA:50,4,0,7
BRDA:50,4,1,7
BRDA:53,5,0,0
BRDA:53,5,1,5
BRDA:53,6,0,5
BRDA:53,6,1,0
BRDA:56,7,0,0
BRDA:56,7,1,5
BRDA:56,8,0,5
BRDA:56,8,1,0
BRDA:59,9,0,0
BRDA:59,9,1,5
BRDA:59,10,0,5
BRDA:59,10,1,0
BRDA:62,11,0,0
BRDA:62,11,1,5
BRDA:62,12,0,5
BRDA:62,12,1,0
BRDA:72,13,0,2
BRDA:72,13,1,1
BRDA:78,14,0,1
BRDA:78,14,1,1
BRDA:89,15,0,2
BRDA:89,15,1,1
BRDA:92,16,0,1
BRDA:92,16,1,1
BRF:34
BRH:24
end_of_record
TN:
SF:src/controllers/skillController.js
FN:4,(anonymous_0)
FN:14,(anonymous_1)
FN:28,(anonymous_2)
FN:42,(anonymous_3)
FN:78,(anonymous_4)
FNF:5
FNH:5
FNDA:3,(anonymous_0)
FNDA:3,(anonymous_1)
FNDA:2,(anonymous_2)
FNDA:4,(anonymous_3)
FNDA:4,(anonymous_4)
DA:1,5
DA:4,5
DA:5,3
DA:6,3
DA:7,2
DA:9,1
DA:14,5
DA:15,3
DA:16,3
DA:17,3
DA:18,1
DA:20,2
DA:21,2
DA:23,0
DA:28,5
DA:29,2
DA:30,2
DA:31,1
DA:32,0
DA:34,1
DA:35,1
DA:37,0
DA:42,5
DA:43,4
DA:44,4
DA:45,4
DA:48,4
DA:49,1
DA:51,3
DA:52,0
DA:54,3
DA:55,0
DA:58,3
DA:64,2
DA:65,1
DA:68,1
DA:70,1
DA:71,1
DA:73,0
DA:78,5
DA:79,4
DA:80,4
DA:81,2
DA:82,0
DA:84,2
DA:85,1
DA:87,1
LF:47
LH:40
BRDA:20,0,0,2
BRDA:20,0,1,0
BRDA:31,1,0,1
BRDA:31,1,1,0
BRDA:34,2,0,1
BRDA:34,2,1,0
BRDA:48,3,0,1
BRDA:48,3,1,3
BRDA:48,4,0,4
BRDA:48,4,1,2
BRDA:51,5,0,0
BRDA:51,5,1,3
BRDA:51,6,0,3
BRDA:51,6,1,2
BRDA:54,7,0,0
BRDA:54,7,1,3
BRDA:54,8,0,3
BRDA:54,8,1,0
BRDA:64,9,0,1
BRDA:64,9,1,1
BRDA:70,10,0,1
BRDA:70,10,1,0
BRDA:81,11,0,2
BRDA:81,11,1,0
BRDA:84,12,0,1
BRDA:84,12,1,1
BRF:26
BRH:18
end_of_record
TN:
SF:src/middlewares/adminAuth.js
FN:2,(anonymous_0)
FNF:1
FNH:1
FNDA:7,(anonymous_0)
DA:2,5
DA:3,7
DA:4,3
DA:6,4
LF:4
LH:4
BRDA:3,0,0,3
BRDA:3,0,1,4
BRF:2
BRH:2
end_of_record
TN:
SF:src/middlewares/auth.js
FN:3,(anonymous_0)
FNF:1
FNH:1
FNDA:49,(anonymous_0)
DA:1,5
DA:3,5
DA:4,49
DA:6,49
DA:7,4
DA:9,45
DA:11,45
DA:12,45
DA:13,43
DA:14,43
DA:16,2
LF:11
LH:11
BRDA:6,0,0,4
BRDA:6,0,1,45
BRDA:6,1,0,49
BRDA:6,1,1,45
BRF:4
BRH:4
end_of_record
TN:
SF:src/middlewares/logger.js
FN:2,(anonymous_0)
FNF:1
FNH:1
FNDA:62,(anonymous_0)
DA:2,5
DA:3,62
DA:4,62
LF:3
LH:3
BRF:0
BRH:0
end_of_record
TN:
SF:src/models/Project.js
FN:8,(anonymous_0)
FN:18,(anonymous_1)
FN:28,(anonymous_2)
FN:37,(anonymous_3)
FN:46,(anonymous_4)
FN:55,(anonymous_5)
FN:56,(anonymous_6)
FNF:7
FNH:7
FNDA:12,(anonymous_0)
FNDA:9,(anonymous_1)
FNDA:15,(anonymous_2)
FNDA:8,(anonymous_3)
FNDA:8,(anonymous_4)
FNDA:11,(anonymous_5)
FNDA:15,(anonymous_6)
DA:1,6
DA:3,6
DA:9,12
DA:19,9
DA:29,15
DA:38,8
DA:47,8
DA:55,6
DA:56,15
DA:59,6
LF:10
LH:10
BRDA:38,0,0,8
BRDA:38,0,1,8
BRDA:47,1,0,8
BRDA:47,1,1,8
BRDA:56,2,0,11
BRDA:56,2,1,11
BRF:6
BRH:6
end_of_record
TN:
SF:src/models/Skill.js
FNF:0
FNH:0
DA:1,5
DA:3,5
DA:10,5
LF:3
LH:3
BRDA:10,0,0,5
BRDA:10,0,1,5
BRF:2
BRH:2
end_of_record
TN:
SF:src/models/User.js
FNF:0
FNH:0
DA:1,5
DA:3,5
DA:9,5
LF:3
LH:3
BRF:0
BRH:0
end_of_record
TN:
SF:src/routes/authRoutes.js
FNF:0
FNH:0
DA:1,5
DA:2,5
DA:3,5
DA:5,5
DA:7,5
DA:9,5
LF:6
LH:6
BRF:0
BRH:0
end_of_record
TN:
SF:src/routes/index.js
FN:19,(anonymous_0)
FN:24,(anonymous_1)
FN:36,(anonymous_2)
FN:45,(anonymous_3)
FNF:4
FNH:2
FNDA:0,(anonymous_0)
FNDA:0,(anonymous_1)
FNDA:3,(anonymous_2)
FNDA:1,(anonymous_3)
DA:1,5
DA:2,5
DA:3,5
DA:4,5
DA:5,5
DA:6,5
DA:7,5
DA:8,5
DA:9,5
DA:12,5
DA:16,5
DA:19,5
DA:20,0
DA:24,5
DA:25,0
DA:29,5
DA:32,5
DA:33,5
DA:36,5
DA:37,3
DA:38,3
DA:39,2
DA:41,1
DA:45,5
DA:46,1
DA:47,1
DA:48,1
DA:50,0
DA:54,5
LF:29
LH:26
BRDA:16,0,0,5
BRDA:16,0,1,0
BRF:2
BRH:1
end_of_record
TN:
SF:src/routes/projectRoutes.js
FN:17,(anonymous_0)
FNF:1
FNH:0
FNDA:0,(anonymous_0)
DA:1,5
DA:2,5
DA:3,5
DA:4,5
DA:5,5
DA:8,5
DA:9,5
DA:12,5
DA:13,5
DA:14,5
DA:17,5
DA:18,0
DA:21,5
LF:13
LH:12
BRF:0
BRH:0
end_of_record
TN:
SF:src/routes/skillRoutes.js
FNF:0
FNH:0
DA:1,5
DA:2,5
DA:3,5
DA:6,5
DA:9,5
DA:12,5
DA:15,5
DA:18,5
DA:20,5
LF:9
LH:9
BRF:0
BRH:0
end_of_record
